<?xml version="1.0" encoding="UTF-8"?>
<beans xmlns="http://www.springframework.org/schema/beans"
	xmlns:xsi="http://www.w3.org/2001/XMLSchema-instance" xmlns:context="http://www.springframework.org/schema/context"
	xmlns:tx="http://www.springframework.org/schema/tx" xmlns:security="http://www.springframework.org/schema/security"
	xmlns:p="http://www.springframework.org/schema/p"
	xsi:schemaLocation="http://www.springframework.org/schema/security http://www.springframework.org/schema/security/spring-security-3.2.xsd
		http://www.springframework.org/schema/beans http://www.springframework.org/schema/beans/spring-beans-3.2.xsd
		http://www.springframework.org/schema/tx http://www.springframework.org/schema/tx/spring-tx-3.2.xsd
		http://www.springframework.org/schema/context http://www.springframework.org/schema/context/spring-context-3.2.xsd">
    
    
    <!-- 注册中心（集群管理） -->
    <bean id="jobRegistry" class="cn.com.warlock.scheduler.registry.ZkJobRegistry">
       <property name="zkServers" value="localhost:2181" />
    </bean>
   
	<bean class="cn.com.warlock.scheduler.SchedulerFactoryBeanWrapper">
	    <!-- 确保每个应用groupName唯一 -->
	    <property name="groupName" value="demo" />
	    <!--  -->
	    <property name="configPersistHandler">
	       <bean class="cn.com.warlock.test.sch.DbConfigPersistHandler" />
	    </property>
	    <property name="registry" ref="jobRegistry" />
		<property name="schedulers">
			<list>
			    <!-- 以下配置每个任务列表 -->
				<bean class="cn.com.warlock.test.sch.DemoTask">
					<property name="jobName" value="demoTask" />
					<property name="retries" value="1" />
					<property name="cronExpr" value="0 0 1 * * ?" />
					<!-- 启动完成立即执行一次 -->
					<property name="executeOnStarted" value="false" />
				</bean>
				
				
				<!-- <bean class="cn.com.warlock.test.sch.DemoParallelTask">
					<property name="jobName" value="demoParallelTask" />
					<property name="cronExpr" value="0 0/15 * * * ?" />
				</bean> -->
			</list>
		</property>
	</bean>

</beans>